<?xml version="1.0" encoding="UTF-8"?>
<testsuite xmlns:xsi="http://www.w3.org/2001/XMLSchema-instance" xsi:noNamespaceSchemaLocation="https://maven.apache.org/surefire/maven-surefire-plugin/xsd/surefire-test-report-3.0.xsd" version="3.0" name="TestSuite" time="23.885" tests="19" errors="0" skipped="7" failures="4">
  <properties>
    <property name="java.specification.version" value="15"/>
    <property name="webdriver.chrome.driver" value="/Users/samuellee/.cache/selenium/chromedriver/mac64/88.0.4324.96/chromedriver"/>
    <property name="sun.jnu.encoding" value="UTF-8"/>
    <property name="java.class.path" value="/Users/samuellee/eclipse-workspace/com.hrms/target/test-classes:/Users/samuellee/eclipse-workspace/com.hrms/target/classes:/Users/samuellee/.m2/repository/org/apache/poi/poi-ooxml/4.1.2/poi-ooxml-4.1.2.jar:/Users/samuellee/.m2/repository/org/apache/poi/poi/4.1.2/poi-4.1.2.jar:/Users/samuellee/.m2/repository/commons-codec/commons-codec/1.13/commons-codec-1.13.jar:/Users/samuellee/.m2/repository/org/apache/commons/commons-collections4/4.4/commons-collections4-4.4.jar:/Users/samuellee/.m2/repository/org/apache/commons/commons-math3/3.6.1/commons-math3-3.6.1.jar:/Users/samuellee/.m2/repository/com/zaxxer/SparseBitSet/1.2/SparseBitSet-1.2.jar:/Users/samuellee/.m2/repository/org/apache/poi/poi-ooxml-schemas/4.1.2/poi-ooxml-schemas-4.1.2.jar:/Users/samuellee/.m2/repository/org/apache/xmlbeans/xmlbeans/3.1.0/xmlbeans-3.1.0.jar:/Users/samuellee/.m2/repository/org/apache/commons/commons-compress/1.19/commons-compress-1.19.jar:/Users/samuellee/.m2/repository/com/github/virtuald/curvesapi/1.06/curvesapi-1.06.jar:/Users/samuellee/.m2/repository/org/seleniumhq/selenium/selenium-java/3.141.59/selenium-java-3.141.59.jar:/Users/samuellee/.m2/repository/org/seleniumhq/selenium/selenium-api/3.141.59/selenium-api-3.141.59.jar:/Users/samuellee/.m2/repository/org/seleniumhq/selenium/selenium-chrome-driver/3.141.59/selenium-chrome-driver-3.141.59.jar:/Users/samuellee/.m2/repository/org/seleniumhq/selenium/selenium-edge-driver/3.141.59/selenium-edge-driver-3.141.59.jar:/Users/samuellee/.m2/repository/org/seleniumhq/selenium/selenium-firefox-driver/3.141.59/selenium-firefox-driver-3.141.59.jar:/Users/samuellee/.m2/repository/org/seleniumhq/selenium/selenium-ie-driver/3.141.59/selenium-ie-driver-3.141.59.jar:/Users/samuellee/.m2/repository/org/seleniumhq/selenium/selenium-opera-driver/3.141.59/selenium-opera-driver-3.141.59.jar:/Users/samuellee/.m2/repository/org/seleniumhq/selenium/selenium-remote-driver/3.141.59/selenium-remote-driver-3.141.59.jar:/Users/samuellee/.m2/repository/org/seleniumhq/selenium/selenium-safari-driver/3.141.59/selenium-safari-driver-3.141.59.jar:/Users/samuellee/.m2/repository/org/seleniumhq/selenium/selenium-support/3.141.59/selenium-support-3.141.59.jar:/Users/samuellee/.m2/repository/net/bytebuddy/byte-buddy/1.8.15/byte-buddy-1.8.15.jar:/Users/samuellee/.m2/repository/org/apache/commons/commons-exec/1.3/commons-exec-1.3.jar:/Users/samuellee/.m2/repository/com/google/guava/guava/25.0-jre/guava-25.0-jre.jar:/Users/samuellee/.m2/repository/com/google/code/findbugs/jsr305/1.3.9/jsr305-1.3.9.jar:/Users/samuellee/.m2/repository/org/checkerframework/checker-compat-qual/2.0.0/checker-compat-qual-2.0.0.jar:/Users/samuellee/.m2/repository/com/google/errorprone/error_prone_annotations/2.1.3/error_prone_annotations-2.1.3.jar:/Users/samuellee/.m2/repository/com/google/j2objc/j2objc-annotations/1.1/j2objc-annotations-1.1.jar:/Users/samuellee/.m2/repository/org/codehaus/mojo/animal-sniffer-annotations/1.14/animal-sniffer-annotations-1.14.jar:/Users/samuellee/.m2/repository/com/squareup/okhttp3/okhttp/3.11.0/okhttp-3.11.0.jar:/Users/samuellee/.m2/repository/com/squareup/okio/okio/1.14.0/okio-1.14.0.jar:/Users/samuellee/.m2/repository/io/github/bonigarcia/webdrivermanager/4.2.2/webdrivermanager-4.2.2.jar:/Users/samuellee/.m2/repository/org/slf4j/slf4j-api/1.7.30/slf4j-api-1.7.30.jar:/Users/samuellee/.m2/repository/commons-io/commons-io/2.8.0/commons-io-2.8.0.jar:/Users/samuellee/.m2/repository/com/google/code/gson/gson/2.8.6/gson-2.8.6.jar:/Users/samuellee/.m2/repository/org/apache/commons/commons-lang3/3.11/commons-lang3-3.11.jar:/Users/samuellee/.m2/repository/org/apache/httpcomponents/client5/httpclient5/5.0.1/httpclient5-5.0.1.jar:/Users/samuellee/.m2/repository/org/apache/httpcomponents/core5/httpcore5/5.0.1/httpcore5-5.0.1.jar:/Users/samuellee/.m2/repository/org/apache/httpcomponents/core5/httpcore5-h2/5.0.1/httpcore5-h2-5.0.1.jar:/Users/samuellee/.m2/repository/org/rauschig/jarchivelib/1.1.0/jarchivelib-1.1.0.jar:/Users/samuellee/.m2/repository/org/jsoup/jsoup/1.13.1/jsoup-1.13.1.jar:/Users/samuellee/.m2/repository/org/testng/testng/6.8/testng-6.8.jar:/Users/samuellee/.m2/repository/org/beanshell/bsh/2.0b4/bsh-2.0b4.jar:/Users/samuellee/.m2/repository/com/beust/jcommander/1.27/jcommander-1.27.jar:/Users/samuellee/.m2/repository/org/yaml/snakeyaml/1.6/snakeyaml-1.6.jar:/Users/samuellee/.m2/repository/junit/junit/4.13.1/junit-4.13.1.jar:/Users/samuellee/.m2/repository/org/hamcrest/hamcrest-core/1.3/hamcrest-core-1.3.jar:/Users/samuellee/.m2/repository/io/cucumber/cucumber-java/3.0.2/cucumber-java-3.0.2.jar:/Users/samuellee/.m2/repository/io/cucumber/cucumber-core/3.0.2/cucumber-core-3.0.2.jar:/Users/samuellee/.m2/repository/io/cucumber/cucumber-html/0.2.7/cucumber-html-0.2.7.jar:/Users/samuellee/.m2/repository/io/cucumber/gherkin/5.0.0/gherkin-5.0.0.jar:/Users/samuellee/.m2/repository/io/cucumber/tag-expressions/1.1.1/tag-expressions-1.1.1.jar:/Users/samuellee/.m2/repository/io/cucumber/cucumber-expressions/5.0.19/cucumber-expressions-5.0.19.jar:/Users/samuellee/.m2/repository/io/cucumber/datatable/1.0.3/datatable-1.0.3.jar:/Users/samuellee/.m2/repository/io/cucumber/datatable-dependencies/1.0.3/datatable-dependencies-1.0.3.jar:/Users/samuellee/.m2/repository/io/cucumber/cucumber-junit/3.0.2/cucumber-junit-3.0.2.jar:"/>
    <property name="java.vm.vendor" value="Oracle Corporation"/>
    <property name="sun.arch.data.model" value="64"/>
    <property name="java.vendor.url" value="https://openjdk.java.net/"/>
    <property name="user.timezone" value="America/New_York"/>
    <property name="os.name" value="Mac OS X"/>
    <property name="java.vm.specification.version" value="15"/>
    <property name="sun.java.launcher" value="SUN_STANDARD"/>
    <property name="user.country" value="US"/>
    <property name="sun.boot.library.path" value="/usr/local/Cellar/openjdk/15.0.1/libexec/openjdk.jdk/Contents/Home/lib"/>
    <property name="sun.java.command" value="/Users/samuellee/eclipse-workspace/com.hrms/target/surefire/surefirebooter2251471169832163750.jar /Users/samuellee/eclipse-workspace/com.hrms/target/surefire 2021-02-24T21-10-35_612-jvmRun1 surefire7157378258191642250tmp surefire_014424062031689104741tmp"/>
    <property name="http.nonProxyHosts" value="local|*.local|169.254/16|*.169.254/16"/>
    <property name="jdk.debug" value="release"/>
    <property name="surefire.test.class.path" value="/Users/samuellee/eclipse-workspace/com.hrms/target/test-classes:/Users/samuellee/eclipse-workspace/com.hrms/target/classes:/Users/samuellee/.m2/repository/org/apache/poi/poi-ooxml/4.1.2/poi-ooxml-4.1.2.jar:/Users/samuellee/.m2/repository/org/apache/poi/poi/4.1.2/poi-4.1.2.jar:/Users/samuellee/.m2/repository/commons-codec/commons-codec/1.13/commons-codec-1.13.jar:/Users/samuellee/.m2/repository/org/apache/commons/commons-collections4/4.4/commons-collections4-4.4.jar:/Users/samuellee/.m2/repository/org/apache/commons/commons-math3/3.6.1/commons-math3-3.6.1.jar:/Users/samuellee/.m2/repository/com/zaxxer/SparseBitSet/1.2/SparseBitSet-1.2.jar:/Users/samuellee/.m2/repository/org/apache/poi/poi-ooxml-schemas/4.1.2/poi-ooxml-schemas-4.1.2.jar:/Users/samuellee/.m2/repository/org/apache/xmlbeans/xmlbeans/3.1.0/xmlbeans-3.1.0.jar:/Users/samuellee/.m2/repository/org/apache/commons/commons-compress/1.19/commons-compress-1.19.jar:/Users/samuellee/.m2/repository/com/github/virtuald/curvesapi/1.06/curvesapi-1.06.jar:/Users/samuellee/.m2/repository/org/seleniumhq/selenium/selenium-java/3.141.59/selenium-java-3.141.59.jar:/Users/samuellee/.m2/repository/org/seleniumhq/selenium/selenium-api/3.141.59/selenium-api-3.141.59.jar:/Users/samuellee/.m2/repository/org/seleniumhq/selenium/selenium-chrome-driver/3.141.59/selenium-chrome-driver-3.141.59.jar:/Users/samuellee/.m2/repository/org/seleniumhq/selenium/selenium-edge-driver/3.141.59/selenium-edge-driver-3.141.59.jar:/Users/samuellee/.m2/repository/org/seleniumhq/selenium/selenium-firefox-driver/3.141.59/selenium-firefox-driver-3.141.59.jar:/Users/samuellee/.m2/repository/org/seleniumhq/selenium/selenium-ie-driver/3.141.59/selenium-ie-driver-3.141.59.jar:/Users/samuellee/.m2/repository/org/seleniumhq/selenium/selenium-opera-driver/3.141.59/selenium-opera-driver-3.141.59.jar:/Users/samuellee/.m2/repository/org/seleniumhq/selenium/selenium-remote-driver/3.141.59/selenium-remote-driver-3.141.59.jar:/Users/samuellee/.m2/repository/org/seleniumhq/selenium/selenium-safari-driver/3.141.59/selenium-safari-driver-3.141.59.jar:/Users/samuellee/.m2/repository/org/seleniumhq/selenium/selenium-support/3.141.59/selenium-support-3.141.59.jar:/Users/samuellee/.m2/repository/net/bytebuddy/byte-buddy/1.8.15/byte-buddy-1.8.15.jar:/Users/samuellee/.m2/repository/org/apache/commons/commons-exec/1.3/commons-exec-1.3.jar:/Users/samuellee/.m2/repository/com/google/guava/guava/25.0-jre/guava-25.0-jre.jar:/Users/samuellee/.m2/repository/com/google/code/findbugs/jsr305/1.3.9/jsr305-1.3.9.jar:/Users/samuellee/.m2/repository/org/checkerframework/checker-compat-qual/2.0.0/checker-compat-qual-2.0.0.jar:/Users/samuellee/.m2/repository/com/google/errorprone/error_prone_annotations/2.1.3/error_prone_annotations-2.1.3.jar:/Users/samuellee/.m2/repository/com/google/j2objc/j2objc-annotations/1.1/j2objc-annotations-1.1.jar:/Users/samuellee/.m2/repository/org/codehaus/mojo/animal-sniffer-annotations/1.14/animal-sniffer-annotations-1.14.jar:/Users/samuellee/.m2/repository/com/squareup/okhttp3/okhttp/3.11.0/okhttp-3.11.0.jar:/Users/samuellee/.m2/repository/com/squareup/okio/okio/1.14.0/okio-1.14.0.jar:/Users/samuellee/.m2/repository/io/github/bonigarcia/webdrivermanager/4.2.2/webdrivermanager-4.2.2.jar:/Users/samuellee/.m2/repository/org/slf4j/slf4j-api/1.7.30/slf4j-api-1.7.30.jar:/Users/samuellee/.m2/repository/commons-io/commons-io/2.8.0/commons-io-2.8.0.jar:/Users/samuellee/.m2/repository/com/google/code/gson/gson/2.8.6/gson-2.8.6.jar:/Users/samuellee/.m2/repository/org/apache/commons/commons-lang3/3.11/commons-lang3-3.11.jar:/Users/samuellee/.m2/repository/org/apache/httpcomponents/client5/httpclient5/5.0.1/httpclient5-5.0.1.jar:/Users/samuellee/.m2/repository/org/apache/httpcomponents/core5/httpcore5/5.0.1/httpcore5-5.0.1.jar:/Users/samuellee/.m2/repository/org/apache/httpcomponents/core5/httpcore5-h2/5.0.1/httpcore5-h2-5.0.1.jar:/Users/samuellee/.m2/repository/org/rauschig/jarchivelib/1.1.0/jarchivelib-1.1.0.jar:/Users/samuellee/.m2/repository/org/jsoup/jsoup/1.13.1/jsoup-1.13.1.jar:/Users/samuellee/.m2/repository/org/testng/testng/6.8/testng-6.8.jar:/Users/samuellee/.m2/repository/org/beanshell/bsh/2.0b4/bsh-2.0b4.jar:/Users/samuellee/.m2/repository/com/beust/jcommander/1.27/jcommander-1.27.jar:/Users/samuellee/.m2/repository/org/yaml/snakeyaml/1.6/snakeyaml-1.6.jar:/Users/samuellee/.m2/repository/junit/junit/4.13.1/junit-4.13.1.jar:/Users/samuellee/.m2/repository/org/hamcrest/hamcrest-core/1.3/hamcrest-core-1.3.jar:/Users/samuellee/.m2/repository/io/cucumber/cucumber-java/3.0.2/cucumber-java-3.0.2.jar:/Users/samuellee/.m2/repository/io/cucumber/cucumber-core/3.0.2/cucumber-core-3.0.2.jar:/Users/samuellee/.m2/repository/io/cucumber/cucumber-html/0.2.7/cucumber-html-0.2.7.jar:/Users/samuellee/.m2/repository/io/cucumber/gherkin/5.0.0/gherkin-5.0.0.jar:/Users/samuellee/.m2/repository/io/cucumber/tag-expressions/1.1.1/tag-expressions-1.1.1.jar:/Users/samuellee/.m2/repository/io/cucumber/cucumber-expressions/5.0.19/cucumber-expressions-5.0.19.jar:/Users/samuellee/.m2/repository/io/cucumber/datatable/1.0.3/datatable-1.0.3.jar:/Users/samuellee/.m2/repository/io/cucumber/datatable-dependencies/1.0.3/datatable-dependencies-1.0.3.jar:/Users/samuellee/.m2/repository/io/cucumber/cucumber-junit/3.0.2/cucumber-junit-3.0.2.jar:"/>
    <property name="sun.cpu.endian" value="little"/>
    <property name="user.home" value="/Users/samuellee"/>
    <property name="user.language" value="en"/>
    <property name="java.specification.vendor" value="Oracle Corporation"/>
    <property name="java.version.date" value="2020-10-20"/>
    <property name="java.home" value="/usr/local/Cellar/openjdk/15.0.1/libexec/openjdk.jdk/Contents/Home"/>
    <property name="file.separator" value="/"/>
    <property name="basedir" value="/Users/samuellee/eclipse-workspace/com.hrms"/>
    <property name="java.vm.compressedOopsMode" value="Zero based"/>
    <property name="line.separator" value="&#10;"/>
    <property name="java.specification.name" value="Java Platform API Specification"/>
    <property name="java.vm.specification.vendor" value="Oracle Corporation"/>
    <property name="surefire.real.class.path" value="/Users/samuellee/eclipse-workspace/com.hrms/target/surefire/surefirebooter2251471169832163750.jar"/>
    <property name="sun.management.compiler" value="HotSpot 64-Bit Tiered Compilers"/>
    <property name="ftp.nonProxyHosts" value="local|*.local|169.254/16|*.169.254/16"/>
    <property name="java.runtime.version" value="15.0.1+9"/>
    <property name="user.name" value="samuellee"/>
    <property name="path.separator" value=":"/>
    <property name="os.version" value="11.2.1"/>
    <property name="java.runtime.name" value="OpenJDK Runtime Environment"/>
    <property name="file.encoding" value="UTF-8"/>
    <property name="java.vm.name" value="OpenJDK 64-Bit Server VM"/>
    <property name="localRepository" value="/Users/samuellee/.m2/repository"/>
    <property name="java.vendor.url.bug" value="https://bugreport.java.com/bugreport/"/>
    <property name="java.io.tmpdir" value="/var/folders/w5/1jh0cndd1qn207d66dpjg46h0000gn/T/"/>
    <property name="java.version" value="15.0.1"/>
    <property name="user.dir" value="/Users/samuellee/eclipse-workspace/com.hrms"/>
    <property name="os.arch" value="x86_64"/>
    <property name="java.vm.specification.name" value="Java Virtual Machine Specification"/>
    <property name="java.library.path" value="/Users/samuellee/Library/Java/Extensions:/Library/Java/Extensions:/Network/Library/Java/Extensions:/System/Library/Java/Extensions:/usr/lib/java:."/>
    <property name="java.vm.info" value="mixed mode, sharing"/>
    <property name="java.vendor" value="N/A"/>
    <property name="java.vm.version" value="15.0.1+9"/>
    <property name="sun.io.unicode.encoding" value="UnicodeBig"/>
    <property name="socksNonProxyHosts" value="local|*.local|169.254/16|*.169.254/16"/>
    <property name="java.class.version" value="59.0"/>
  </properties>
  <testcase name="test" classname="com.hrms.tests.NationalityTestCase" time="13.052">
    <failure message="no such element: Unable to locate element: {&quot;method&quot;:&quot;css selector&quot;,&quot;selector&quot;:&quot;#btnAdd&quot;}&#10;  (Session info: chrome=88.0.4324.192)&#10;For documentation on this error, please visit: https://www.seleniumhq.org/exceptions/no_such_element.html&#10;Build info: version: &apos;3.141.59&apos;, revision: &apos;e82be7d358&apos;, time: &apos;2018-11-14T08:17:03&apos;&#10;System info: host: &apos;Samuels-MBP.fios-router.home&apos;, ip: &apos;fe80:0:0:0:8ad:abbe:5187:1a54%en0&apos;, os.name: &apos;Mac OS X&apos;, os.arch: &apos;x86_64&apos;, os.version: &apos;11.2.1&apos;, java.version: &apos;15.0.1&apos;&#10;Driver info: org.openqa.selenium.chrome.ChromeDriver&#10;Capabilities {acceptInsecureCerts: false, browserName: chrome, browserVersion: 88.0.4324.192, chrome: {chromedriverVersion: 88.0.4324.96 (68dba2d8a0b14..., userDataDir: /var/folders/w5/1jh0cndd1qn...}, goog:chromeOptions: {debuggerAddress: localhost:51732}, javascriptEnabled: true, networkConnectionEnabled: false, pageLoadStrategy: normal, platform: MAC, platformName: MAC, proxy: Proxy(), setWindowRect: true, strictFileInteractability: false, timeouts: {implicit: 0, pageLoad: 300000, script: 30000}, unhandledPromptBehavior: dismiss and notify, webauthn:extension:largeBlob: true, webauthn:virtualAuthenticators: true}&#10;Session ID: 54c43d02acc484ecd9c105b58710c573&#10;*** Element info: {Using=id, value=btnAdd}" type="org.openqa.selenium.NoSuchElementException"><![CDATA[org.openqa.selenium.NoSuchElementException: 
no such element: Unable to locate element: {"method":"css selector","selector":"#btnAdd"}
  (Session info: chrome=88.0.4324.192)
For documentation on this error, please visit: https://www.seleniumhq.org/exceptions/no_such_element.html
Build info: version: '3.141.59', revision: 'e82be7d358', time: '2018-11-14T08:17:03'
System info: host: 'Samuels-MBP.fios-router.home', ip: 'fe80:0:0:0:8ad:abbe:5187:1a54%en0', os.name: 'Mac OS X', os.arch: 'x86_64', os.version: '11.2.1', java.version: '15.0.1'
Driver info: org.openqa.selenium.chrome.ChromeDriver
Capabilities {acceptInsecureCerts: false, browserName: chrome, browserVersion: 88.0.4324.192, chrome: {chromedriverVersion: 88.0.4324.96 (68dba2d8a0b14..., userDataDir: /var/folders/w5/1jh0cndd1qn...}, goog:chromeOptions: {debuggerAddress: localhost:51732}, javascriptEnabled: true, networkConnectionEnabled: false, pageLoadStrategy: normal, platform: MAC, platformName: MAC, proxy: Proxy(), setWindowRect: true, strictFileInteractability: false, timeouts: {implicit: 0, pageLoad: 300000, script: 30000}, unhandledPromptBehavior: dismiss and notify, webauthn:extension:largeBlob: true, webauthn:virtualAuthenticators: true}
Session ID: 54c43d02acc484ecd9c105b58710c573
*** Element info: {Using=id, value=btnAdd}
	at com.hrms.tests.NationalityTestCase.test(NationalityTestCase.java:38)
]]></failure>
    <system-out><![CDATA[in beforeSuite
on test Start
in beforeTest
on Test Start
on Test Failure
]]></system-out>
    <system-err><![CDATA[SLF4J: Failed to load class "org.slf4j.impl.StaticLoggerBinder".
SLF4J: Defaulting to no-operation (NOP) logger implementation
SLF4J: See http://www.slf4j.org/codes.html#StaticLoggerBinder for further details.
Starting ChromeDriver 88.0.4324.96 (68dba2d8a0b149a1d3afac56fa74648032bcf46b-refs/branch-heads/4324@{#1784}) on port 44735
Only local connections are allowed.
Please see https://chromedriver.chromium.org/security-considerations for suggestions on keeping ChromeDriver safe.
ChromeDriver was started successfully.
Feb 24, 2021 9:10:42 PM org.openqa.selenium.remote.ProtocolHandshake createSession
INFO: Detected dialect: W3C
]]></system-err>
  </testcase>
  <testcase name="myTest[Kanin](1)" classname="com.hrms.tests.testNg_dataProviderTest" time="0.001">
    <system-out><![CDATA[on Test Start
My Name : Kanin
on Test Success
]]></system-out>
  </testcase>
  <testcase name="myTest[Park](2)" classname="com.hrms.tests.testNg_dataProviderTest" time="0">
    <system-out><![CDATA[on Test Start
My Name : Park
on Test Success
]]></system-out>
  </testcase>
  <testcase name="AccountTest" classname="com.hrms.tests.Testing_listenersSample" time="0.001">
    <system-out><![CDATA[on Test Start
on Test Success
]]></system-out>
  </testcase>
  <testcase name="AccountTest" classname="com.hrms.tests.Testing_listenersSample" time="0">
    <system-out><![CDATA[on Test Start
on Test Success
]]></system-out>
  </testcase>
  <testcase name="AccountTest" classname="com.hrms.tests.Testing_listenersSample" time="0">
    <system-out><![CDATA[on Test Start
on Test Success
]]></system-out>
  </testcase>
  <testcase name="CloseBrowser" classname="com.hrms.tests.Testing_listenersSample" time="3.364">
    <system-out><![CDATA[on Test Start
on Test Success
]]></system-out>
  </testcase>
  <testcase name="OpenBrowser" classname="com.hrms.tests.Testing_listenersSample" time="0.002">
    <failure message="Cannot invoke &quot;org.openqa.selenium.WebDriver.get(String)&quot; because &quot;this.driver&quot; is null" type="java.lang.NullPointerException"><![CDATA[java.lang.NullPointerException: Cannot invoke "org.openqa.selenium.WebDriver.get(String)" because "this.driver" is null
	at com.hrms.tests.Testing_listenersSample.OpenBrowser(Testing_listenersSample.java:32)
]]></failure>
    <system-out><![CDATA[on Test Start
on Test Failure
]]></system-out>
  </testcase>
  <testcase name="SkipTest" classname="com.hrms.tests.Testing_listenersSample" time="0">
    <skipped message="Skipping The Test Method "/>
    <system-out><![CDATA[on Test Start
on Test Skip
]]></system-out>
  </testcase>
  <testcase name="setup" classname="com.hrms.tests.loginTest" time="0.024">
    <failure message="invalid session id&#10;Build info: version: &apos;3.141.59&apos;, revision: &apos;e82be7d358&apos;, time: &apos;2018-11-14T08:17:03&apos;&#10;System info: host: &apos;Samuels-MBP.fios-router.home&apos;, ip: &apos;fe80:0:0:0:8ad:abbe:5187:1a54%en0&apos;, os.name: &apos;Mac OS X&apos;, os.arch: &apos;x86_64&apos;, os.version: &apos;11.2.1&apos;, java.version: &apos;15.0.1&apos;&#10;Driver info: org.openqa.selenium.chrome.ChromeDriver&#10;Capabilities {acceptInsecureCerts: false, browserName: chrome, browserVersion: 88.0.4324.192, chrome: {chromedriverVersion: 88.0.4324.96 (68dba2d8a0b14..., userDataDir: /var/folders/w5/1jh0cndd1qn...}, goog:chromeOptions: {debuggerAddress: localhost:51732}, javascriptEnabled: true, networkConnectionEnabled: false, pageLoadStrategy: normal, platform: MAC, platformName: MAC, proxy: Proxy(), setWindowRect: true, strictFileInteractability: false, timeouts: {implicit: 0, pageLoad: 300000, script: 30000}, unhandledPromptBehavior: dismiss and notify, webauthn:extension:largeBlob: true, webauthn:virtualAuthenticators: true}&#10;Session ID: 54c43d02acc484ecd9c105b58710c573" type="org.openqa.selenium.NoSuchSessionException"><![CDATA[org.openqa.selenium.NoSuchSessionException: 
invalid session id
Build info: version: '3.141.59', revision: 'e82be7d358', time: '2018-11-14T08:17:03'
System info: host: 'Samuels-MBP.fios-router.home', ip: 'fe80:0:0:0:8ad:abbe:5187:1a54%en0', os.name: 'Mac OS X', os.arch: 'x86_64', os.version: '11.2.1', java.version: '15.0.1'
Driver info: org.openqa.selenium.chrome.ChromeDriver
Capabilities {acceptInsecureCerts: false, browserName: chrome, browserVersion: 88.0.4324.192, chrome: {chromedriverVersion: 88.0.4324.96 (68dba2d8a0b14..., userDataDir: /var/folders/w5/1jh0cndd1qn...}, goog:chromeOptions: {debuggerAddress: localhost:51732}, javascriptEnabled: true, networkConnectionEnabled: false, pageLoadStrategy: normal, platform: MAC, platformName: MAC, proxy: Proxy(), setWindowRect: true, strictFileInteractability: false, timeouts: {implicit: 0, pageLoad: 300000, script: 30000}, unhandledPromptBehavior: dismiss and notify, webauthn:extension:largeBlob: true, webauthn:virtualAuthenticators: true}
Session ID: 54c43d02acc484ecd9c105b58710c573
	at com.hrms.tests.loginTest.setup(loginTest.java:23)
]]></failure>
  </testcase>
  <testcase name="loginTest1" classname="com.hrms.tests.loginTest" time="0">
    <skipped/>
    <system-out><![CDATA[on Test Start
on Test Skip
]]></system-out>
  </testcase>
  <testcase name="beforeMethod" classname="com.hrms.tests.OrangeHRM_LoginTests" time="0.02">
    <failure message="invalid session id&#10;Build info: version: &apos;3.141.59&apos;, revision: &apos;e82be7d358&apos;, time: &apos;2018-11-14T08:17:03&apos;&#10;System info: host: &apos;Samuels-MBP.fios-router.home&apos;, ip: &apos;fe80:0:0:0:8ad:abbe:5187:1a54%en0&apos;, os.name: &apos;Mac OS X&apos;, os.arch: &apos;x86_64&apos;, os.version: &apos;11.2.1&apos;, java.version: &apos;15.0.1&apos;&#10;Driver info: org.openqa.selenium.chrome.ChromeDriver&#10;Capabilities {acceptInsecureCerts: false, browserName: chrome, browserVersion: 88.0.4324.192, chrome: {chromedriverVersion: 88.0.4324.96 (68dba2d8a0b14..., userDataDir: /var/folders/w5/1jh0cndd1qn...}, goog:chromeOptions: {debuggerAddress: localhost:51732}, javascriptEnabled: true, networkConnectionEnabled: false, pageLoadStrategy: normal, platform: MAC, platformName: MAC, proxy: Proxy(), setWindowRect: true, strictFileInteractability: false, timeouts: {implicit: 0, pageLoad: 300000, script: 30000}, unhandledPromptBehavior: dismiss and notify, webauthn:extension:largeBlob: true, webauthn:virtualAuthenticators: true}&#10;Session ID: 54c43d02acc484ecd9c105b58710c573" type="org.openqa.selenium.NoSuchSessionException"><![CDATA[org.openqa.selenium.NoSuchSessionException: 
invalid session id
Build info: version: '3.141.59', revision: 'e82be7d358', time: '2018-11-14T08:17:03'
System info: host: 'Samuels-MBP.fios-router.home', ip: 'fe80:0:0:0:8ad:abbe:5187:1a54%en0', os.name: 'Mac OS X', os.arch: 'x86_64', os.version: '11.2.1', java.version: '15.0.1'
Driver info: org.openqa.selenium.chrome.ChromeDriver
Capabilities {acceptInsecureCerts: false, browserName: chrome, browserVersion: 88.0.4324.192, chrome: {chromedriverVersion: 88.0.4324.96 (68dba2d8a0b14..., userDataDir: /var/folders/w5/1jh0cndd1qn...}, goog:chromeOptions: {debuggerAddress: localhost:51732}, javascriptEnabled: true, networkConnectionEnabled: false, pageLoadStrategy: normal, platform: MAC, platformName: MAC, proxy: Proxy(), setWindowRect: true, strictFileInteractability: false, timeouts: {implicit: 0, pageLoad: 300000, script: 30000}, unhandledPromptBehavior: dismiss and notify, webauthn:extension:largeBlob: true, webauthn:virtualAuthenticators: true}
Session ID: 54c43d02acc484ecd9c105b58710c573
	at com.hrms.tests.OrangeHRM_LoginTests.beforeMethod(OrangeHRM_LoginTests.java:23)
]]></failure>
  </testcase>
  <testcase name="beforeMethod" classname="com.hrms.tests.OrangeHRM_LoginTests" time="0">
    <skipped/>
  </testcase>
  <testcase name="beforeMethod" classname="com.hrms.tests.OrangeHRM_LoginTests" time="0">
    <skipped/>
  </testcase>
  <testcase name="Login_validUsername_InvalidPassword" classname="com.hrms.tests.OrangeHRM_LoginTests" time="0">
    <skipped/>
    <system-out><![CDATA[on Test Start
on Test Skip
]]></system-out>
  </testcase>
  <testcase name="logReportedTesting" classname="com.hrms.tests.OrangeHRM_LoginTests" time="0">
    <skipped/>
    <system-out><![CDATA[on Test Start
on Test Skip
]]></system-out>
  </testcase>
  <testcase name="test1" classname="com.hrms.tests.OrangeHRM_LoginTests" time="0">
    <skipped/>
    <system-out><![CDATA[on Test Start
on Test Skip
]]></system-out>
  </testcase>
  <testcase name="testCase1" classname="com.hrms.tests.TestingAnnotations" time="0">
    <system-out><![CDATA[in beforeClass
in beforeMethod
on Test Start
in test case 1
on Test Success
]]></system-out>
  </testcase>
  <testcase name="testCase2" classname="com.hrms.tests.TestingAnnotations" time="0.001">
    <system-out><![CDATA[in afterMethod
in beforeMethod
on Test Start
in test case 2
on Test Success
]]></system-out>
  </testcase>
</testsuite>